<?xml version="1.0" encoding="UTF-8"?>
<!-- Generated by org.testng.reporters.JUnitReportReporter -->
<testsuite hostname="LAPTOP-KPC3B2MS" failures="0" tests="4" name="com.runner.TestRunner" time="62.740" errors="0" timestamp="2025-04-20T21:16:49 IST" skipped="0">
  <testcase classname="com.runner.TestRunner" name="runScenario" time="16.107"/>
  <testcase classname="com.runner.TestRunner" name="runScenario" time="14.834"/>
  <testcase classname="com.runner.TestRunner" name="runScenario" time="15.529"/>
  <testcase classname="com.runner.TestRunner" name="runScenario" time="16.270"/>
</testsuite> <!-- com.runner.TestRunner -->
